{"level":"warn","message":{"descripcion":"Error 404. Ruta /favicon.ico método GET no implementado","error":-2}}
{"level":"warn","message":{"descripcion":"Error 404. Ruta /favicon.ico método GET no implementado","error":-2}}
{"level":"warn","message":{"descripcion":"Error 404. Ruta /favicon.ico método GET no implementado","error":-2}}
{"level":"warn","message":{"descripcion":"Error 404. Ruta /favicon.ico método GET no implementado","error":-2}}
{"level":"warn","message":{"descripcion":"Error 404. Ruta /favicon.ico método GET no implementado","error":-2}}
{"level":"warn","message":{"descripcion":"Error 404. Ruta /favicon.ico método GET no implementado","error":-2}}
{"level":"warn","message":{"descripcion":"Error 404. Ruta /favicon.ico método GET no implementado","error":-2}}
{"level":"warn","message":{"descripcion":"Error 404. Ruta /favicon.ico método GET no implementado","error":-2}}
{"level":"warn","message":{"descripcion":"Error 404. Ruta /favicon.ico método GET no implementado","error":-2}}
{"level":"warn","message":{"descripcion":"Error 404. Ruta /favicon.ico método GET no implementado","error":-2}}
{"level":"warn","message":{"descripcion":"Error 404. Ruta /favicon.ico método GET no implementado","error":-2}}
{"level":"warn","message":{"descripcion":"Error 404. Ruta /favicon.ico método GET no implementado","error":-2}}
{"level":"warn","message":{"descripcion":"Error 404. Ruta /favicon.ico método GET no implementado","error":-2}}
{"level":"warn","message":{"descripcion":"Error 404. Ruta /favicon.ico método GET no implementado","error":-2}}
{"level":"warn","message":{"descripcion":"Error 404. Ruta /favicon.ico método GET no implementado","error":-2}}
{"level":"warn","message":{"descripcion":"Error 404. Ruta /favicon.ico método GET no implementado","error":-2}}
{"level":"warn","message":{"descripcion":"Error 404. Ruta /favicon.ico método GET no implementado","error":-2}}
{"level":"warn","message":{"descripcion":"Error 404. Ruta /favicon.ico método GET no implementado","error":-2}}
{"level":"warn","message":{"descripcion":"Error 404. Ruta /favicon.ico método GET no implementado","error":-2}}
{"level":"warn","message":{"descripcion":"Error 404. Ruta /favicon.ico método GET no implementado","error":-2}}
{"level":"warn","message":{"descripcion":"Error 404. Ruta /favicon.ico método GET no implementado","error":-2}}
{"level":"warn","message":{"descripcion":"Error 404. Ruta /favicon.ico método GET no implementado","error":-2}}
{"level":"warn","message":{"descripcion":"Error 404. Ruta /favicon.ico método GET no implementado","error":-2}}
{"level":"warn","message":{"descripcion":"Error 404. Ruta /favicon.ico método GET no implementado","error":-2}}
{"level":"warn","message":{"descripcion":"Error 404. Ruta /favicon.ico método GET no implementado","error":-2}}
{"level":"warn","message":{"descripcion":"Error 404. Ruta /favicon.ico método GET no implementado","error":-2}}
{"level":"warn","message":{"descripcion":"Error 404. Ruta /favicon.ico método GET no implementado","error":-2}}
{"code":63007,"level":"error","moreInfo":"https://www.twilio.com/docs/errors/63007","status":400}
{"level":"warn","message":{"descripcion":"Error 404. Ruta /favicon.ico método GET no implementado","error":-2}}
{"level":"warn","message":{"descripcion":"Error 404. Ruta /favicon.ico método GET no implementado","error":-2}}
{"level":"warn","message":{"descripcion":"Error 404. Ruta /favicon.ico método GET no implementado","error":-2}}
{"level":"warn","message":{"descripcion":"Error 404. Ruta /favicon.ico método GET no implementado","error":-2}}
{"level":"warn","message":{"descripcion":"Error 404. Ruta /favicon.ico método GET no implementado","error":-2}}
{"level":"warn","message":{"descripcion":"Error 404. Ruta /favicon.ico método GET no implementado","error":-2}}
{"level":"warn","message":{"descripcion":"Error 404. Ruta /favicon.ico método GET no implementado","error":-2}}
{"level":"warn","message":{"descripcion":"Error 404. Ruta /favicon.ico método GET no implementado","error":-2}}
{"level":"warn","message":{"descripcion":"Error 404. Ruta /css/style.css método GET no implementado","error":-2}}
{"level":"warn","message":{"descripcion":"Error 404. Ruta /js/main.js método GET no implementado","error":-2}}
{"level":"warn","message":{"descripcion":"Error 404. Ruta /favicon.ico método GET no implementado","error":-2}}
{"level":"warn","message":{"descripcion":"Error 404. Ruta /css/style.css método GET no implementado","error":-2}}
{"level":"warn","message":{"descripcion":"Error 404. Ruta /js/main.js método GET no implementado","error":-2}}
{"level":"warn","message":{"descripcion":"Error 404. Ruta /favicon.ico método GET no implementado","error":-2}}
{"level":"warn","message":{"descripcion":"Error 404. Ruta /css/style.css método GET no implementado","error":-2}}
{"level":"warn","message":{"descripcion":"Error 404. Ruta /js/main.js método GET no implementado","error":-2}}
{"level":"warn","message":{"descripcion":"Error 404. Ruta /favicon.ico método GET no implementado","error":-2}}
{"level":"warn","message":{"descripcion":"Error 404. Ruta /css/style.css método GET no implementado","error":-2}}
{"level":"warn","message":{"descripcion":"Error 404. Ruta /js/main.js método GET no implementado","error":-2}}
{"level":"warn","message":{"descripcion":"Error 404. Ruta /favicon.ico método GET no implementado","error":-2}}
{"level":"warn","message":{"descripcion":"Error 404. Ruta /css/style.css método GET no implementado","error":-2}}
{"level":"warn","message":{"descripcion":"Error 404. Ruta /js/main.js método GET no implementado","error":-2}}
{"level":"warn","message":{"descripcion":"Error 404. Ruta /favicon.ico método GET no implementado","error":-2}}
{"level":"warn","message":{"descripcion":"Error 404. Ruta /css/style.css método GET no implementado","error":-2}}
{"level":"warn","message":{"descripcion":"Error 404. Ruta /js/main.js método GET no implementado","error":-2}}
{"level":"warn","message":{"descripcion":"Error 404. Ruta /favicon.ico método GET no implementado","error":-2}}
{"level":"warn","message":{"descripcion":"Error 404. Ruta /css/style.css método GET no implementado","error":-2}}
{"level":"warn","message":{"descripcion":"Error 404. Ruta /js/main.js método GET no implementado","error":-2}}
{"level":"warn","message":{"descripcion":"Error 404. Ruta /favicon.ico método GET no implementado","error":-2}}
{"level":"warn","message":{"descripcion":"Error 404. Ruta /favicon.ico método GET no implementado","error":-2}}
{"level":"warn","message":{"descripcion":"Error 404. Ruta /favicon.ico método GET no implementado","error":-2}}
{"level":"warn","message":{"descripcion":"Error 404. Ruta /favicon.ico método GET no implementado","error":-2}}
{"level":"warn","message":{"descripcion":"Error 404. Ruta /css/style.css método GET no implementado","error":-2}}
{"level":"warn","message":{"descripcion":"Error 404. Ruta /js/main.js método GET no implementado","error":-2}}
{"level":"warn","message":{"descripcion":"Error 404. Ruta /favicon.ico método GET no implementado","error":-2}}
{"level":"warn","message":{"descripcion":"Error 404. Ruta /css/style.css método GET no implementado","error":-2}}
{"level":"warn","message":{"descripcion":"Error 404. Ruta /js/main.js método GET no implementado","error":-2}}
{"level":"warn","message":{"descripcion":"Error 404. Ruta /favicon.ico método GET no implementado","error":-2}}
{"level":"warn","message":{"descripcion":"Error 404. Ruta /favicon.ico método GET no implementado","error":-2}}
{"level":"warn","message":{"descripcion":"Error 404. Ruta /HNAP1/ método GET no implementado","error":-2}}
{"level":"warn","message":{"descripcion":"Error 404. Ruta /favicon.ico método GET no implementado","error":-2}}
{"level":"warn","message":{"descripcion":"Error 404. Ruta /favicon.ico método GET no implementado","error":-2}}
{"level":"warn","message":{"descripcion":"Error 404. Ruta /favicon.ico método GET no implementado","error":-2}}
{"level":"warn","message":{"descripcion":"Error 404. Ruta /favicon.ico método GET no implementado","error":-2}}
{"level":"warn","message":{"descripcion":"Error 404. Ruta / método GET no implementado","error":-2}}
{"level":"warn","message":{"descripcion":"Error 404. Ruta /favicon.ico método GET no implementado","error":-2}}
{"level":"warn","message":{"descripcion":"Error 404. Ruta /login método GET no implementado","error":-2}}
{"level":"warn","message":{"descripcion":"Error 404. Ruta /favicon.ico método GET no implementado","error":-2}}
{"level":"warn","message":{"descripcion":"Error 404. Ruta /auth/css/style.css método GET no implementado","error":-2}}
{"level":"warn","message":{"descripcion":"Error 404. Ruta /auth/js/main.js método GET no implementado","error":-2}}
{"level":"warn","message":{"descripcion":"Error 404. Ruta /favicon.ico método GET no implementado","error":-2}}
{"level":"warn","message":{"descripcion":"Error 404. Ruta /auth/css/style.css método GET no implementado","error":-2}}
{"level":"warn","message":{"descripcion":"Error 404. Ruta /auth/js/main.js método GET no implementado","error":-2}}
{"level":"warn","message":{"descripcion":"Error 404. Ruta /favicon.ico método GET no implementado","error":-2}}
{"level":"warn","message":{"descripcion":"Error 404. Ruta /auth/auth/css/style.css método GET no implementado","error":-2}}
{"level":"warn","message":{"descripcion":"Error 404. Ruta /auth/auth/js/main.js método GET no implementado","error":-2}}
{"level":"warn","message":{"descripcion":"Error 404. Ruta /favicon.ico método GET no implementado","error":-2}}
{"level":"warn","message":{"descripcion":"Error 404. Ruta /auth/css/style.css método GET no implementado","error":-2}}
{"level":"warn","message":{"descripcion":"Error 404. Ruta /auth/js/main.js método GET no implementado","error":-2}}
{"level":"warn","message":{"descripcion":"Error 404. Ruta /favicon.ico método GET no implementado","error":-2}}
{"level":"warn","message":{"descripcion":"Error 404. Ruta /auth/css/style.css método GET no implementado","error":-2}}
{"level":"warn","message":{"descripcion":"Error 404. Ruta /auth/js/main.js método GET no implementado","error":-2}}
{"level":"warn","message":{"descripcion":"Error 404. Ruta /favicon.ico método GET no implementado","error":-2}}
{"level":"warn","message":{"descripcion":"Error 404. Ruta /favicon.ico método GET no implementado","error":-2}}
{"level":"warn","message":{"descripcion":"Error 404. Ruta /login método GET no implementado","error":-2}}
{"level":"warn","message":{"descripcion":"Error 404. Ruta /favicon.ico método GET no implementado","error":-2}}
{"level":"warn","message":{"descripcion":"Error 404. Ruta /favicon.ico método GET no implementado","error":-2}}
{"level":"warn","message":{"descripcion":"Error 404. Ruta /registro? método GET no implementado","error":-2}}
{"level":"warn","message":{"descripcion":"Error 404. Ruta /favicon.ico método GET no implementado","error":-2}}
{"level":"warn","message":{"descripcion":"Error 404. Ruta /favicon.ico método GET no implementado","error":-2}}
{"level":"warn","message":{"descripcion":"Error 404. Ruta /registro? método GET no implementado","error":-2}}
{"level":"warn","message":{"descripcion":"Error 404. Ruta /favicon.ico método GET no implementado","error":-2}}
{"level":"warn","message":{"descripcion":"Error 404. Ruta /registro? método GET no implementado","error":-2}}
{"level":"warn","message":{"descripcion":"Error 404. Ruta /favicon.ico método GET no implementado","error":-2}}
{"level":"warn","message":{"descripcion":"Error 404. Ruta /favicon.ico método GET no implementado","error":-2}}
{"level":"warn","message":{"descripcion":"Error 404. Ruta /favicon.ico método GET no implementado","error":-2}}
{"level":"warn","message":{"descripcion":"Error 404. Ruta /auth/registro? método GET no implementado","error":-2}}
{"level":"warn","message":{"descripcion":"Error 404. Ruta /favicon.ico método GET no implementado","error":-2}}
{"level":"warn","message":{"descripcion":"Error 404. Ruta /auth/registro? método GET no implementado","error":-2}}
{"level":"warn","message":{"descripcion":"Error 404. Ruta /favicon.ico método GET no implementado","error":-2}}
{"level":"warn","message":{"descripcion":"Error 404. Ruta /favicon.ico método GET no implementado","error":-2}}
{"level":"warn","message":{"descripcion":"Error 404. Ruta /login? método GET no implementado","error":-2}}
{"level":"warn","message":{"descripcion":"Error 404. Ruta /favicon.ico método GET no implementado","error":-2}}
{"level":"warn","message":{"descripcion":"Error 404. Ruta /favicon.ico método GET no implementado","error":-2}}
{"level":"warn","message":{"descripcion":"Error 404. Ruta /favicon.ico método GET no implementado","error":-2}}
{"level":"warn","message":{"descripcion":"Error 404. Ruta /favicon.ico método GET no implementado","error":-2}}
{"level":"warn","message":{"descripcion":"Error 404. Ruta /favicon.ico método GET no implementado","error":-2}}
{"level":"warn","message":{"descripcion":"Error 404. Ruta /favicon.ico método GET no implementado","error":-2}}
{"level":"warn","message":{"descripcion":"Error 404. Ruta /favicon.ico método GET no implementado","error":-2}}
{"level":"warn","message":{"descripcion":"Error 404. Ruta /favicon.ico método GET no implementado","error":-2}}
{"level":"warn","message":{"descripcion":"Error 404. Ruta /favicon.ico método GET no implementado","error":-2}}
{"level":"warn","message":{"descripcion":"Error 404. Ruta /css/style.css método GET no implementado","error":-2}}
{"level":"warn","message":{"descripcion":"Error 404. Ruta /js/main.js método GET no implementado","error":-2}}
{"level":"warn","message":{"descripcion":"Error 404. Ruta /favicon.ico método GET no implementado","error":-2}}
{"level":"warn","message":{"descripcion":"Error 404. Ruta /favicon.ico método GET no implementado","error":-2}}
{"level":"warn","message":{"descripcion":"Error 404. Ruta /favicon.ico método GET no implementado","error":-2}}
{"level":"warn","message":{"descripcion":"Error 404. Ruta /favicon.ico método GET no implementado","error":-2}}
{"level":"warn","message":{"descripcion":"Error 404. Ruta /favicon.ico método GET no implementado","error":-2}}
{"level":"warn","message":{"descripcion":"Error 404. Ruta /favicon.ico método GET no implementado","error":-2}}
{"level":"warn","message":{"descripcion":"Error 404. Ruta /favicon.ico método GET no implementado","error":-2}}
{"level":"warn","message":{"descripcion":"Error 404. Ruta /favicon.ico método GET no implementado","error":-2}}
{"level":"warn","message":{"descripcion":"Error 404. Ruta /favicon.ico método GET no implementado","error":-2}}
{"level":"warn","message":{"descripcion":"Error 404. Ruta /favicon.ico método GET no implementado","error":-2}}
{"level":"warn","message":{"descripcion":"Error 404. Ruta /favicon.ico método GET no implementado","error":-2}}
{"level":"warn","message":{"descripcion":"Error 404. Ruta /favicon.ico método GET no implementado","error":-2}}
{"level":"warn","message":{"descripcion":"Error 404. Ruta /favicon.ico método GET no implementado","error":-2}}
{"level":"warn","message":{"descripcion":"Error 404. Ruta /favicon.ico método GET no implementado","error":-2}}
{"level":"warn","message":{"descripcion":"Error 404. Ruta /favicon.ico método GET no implementado","error":-2}}
{"level":"warn","message":{"descripcion":"Error 404. Ruta /favicon.ico método GET no implementado","error":-2}}
{"level":"error","message":"Contraseña invalida"}
{"level":"warn","message":{"descripcion":"Error 404. Ruta /login/error método GET no implementado","error":-2}}
{"level":"warn","message":{"descripcion":"Error 404. Ruta /favicon.ico método GET no implementado","error":-2}}
{"level":"warn","message":{"descripcion":"Error 404. Ruta /favicon.ico método GET no implementado","error":-2}}
{"level":"warn","message":{"descripcion":"Error 404. Ruta /favicon.ico método GET no implementado","error":-2}}
{"level":"error","message":"Contraseña invalida"}
{"level":"warn","message":{"descripcion":"Error 404. Ruta /auth/login/css/style.css método GET no implementado","error":-2}}
{"level":"warn","message":{"descripcion":"Error 404. Ruta /auth/login/js/main.js método GET no implementado","error":-2}}
{"level":"warn","message":{"descripcion":"Error 404. Ruta /favicon.ico método GET no implementado","error":-2}}
{"level":"warn","message":{"descripcion":"Error 404. Ruta /login método GET no implementado","error":-2}}
{"level":"warn","message":{"descripcion":"Error 404. Ruta /favicon.ico método GET no implementado","error":-2}}
{"level":"warn","message":{"descripcion":"Error 404. Ruta /favicon.ico método GET no implementado","error":-2}}
{"level":"warn","message":{"descripcion":"Error 404. Ruta /favicon.ico método GET no implementado","error":-2}}
{"level":"error","message":"Contraseña invalida"}
{"level":"warn","message":{"descripcion":"Error 404. Ruta /auth/login/css/style.css método GET no implementado","error":-2}}
{"level":"warn","message":{"descripcion":"Error 404. Ruta /auth/login/js/main.js método GET no implementado","error":-2}}
{"level":"warn","message":{"descripcion":"Error 404. Ruta /favicon.ico método GET no implementado","error":-2}}
{"level":"warn","message":{"descripcion":"Error 404. Ruta /favicon.ico método GET no implementado","error":-2}}
{"level":"warn","message":{"descripcion":"Error 404. Ruta /favicon.ico método GET no implementado","error":-2}}
{"level":"error","message":"El usuario ya está registrado"}
{"level":"warn","message":{"descripcion":"Error 404. Ruta /auth/registro/css/style.css método GET no implementado","error":-2}}
{"level":"warn","message":{"descripcion":"Error 404. Ruta /auth/registro/js/main.js método GET no implementado","error":-2}}
{"level":"warn","message":{"descripcion":"Error 404. Ruta /favicon.ico método GET no implementado","error":-2}}
{"level":"warn","message":{"descripcion":"Error 404. Ruta /favicon.ico método GET no implementado","error":-2}}
{"level":"warn","message":{"descripcion":"Error 404. Ruta /asd método GET no implementado","error":-2}}
{"level":"warn","message":{"descripcion":"Error 404. Ruta /favicon.ico método GET no implementado","error":-2}}
{"level":"warn","message":{"descripcion":"Error 404. Ruta /favicon.ico método GET no implementado","error":-2}}
{"level":"warn","message":{"descripcion":"Error 404. Ruta /favicon.ico método GET no implementado","error":-2}}
{"level":"warn","message":{"descripcion":"Error 404. Ruta /asd método GET no implementado","error":-2}}
{"level":"warn","message":{"descripcion":"Error 404. Ruta /favicon.ico método GET no implementado","error":-2}}
{"level":"warn","message":{"descripcion":"Error 404. Ruta /favicon.ico método GET no implementado","error":-2}}
{"level":"warn","message":{"descripcion":"Error 404. Ruta /favicon.ico método GET no implementado","error":-2}}
{"level":"warn","message":{"descripcion":"Error 404. Ruta /favicon.ico método GET no implementado","error":-2}}
{"level":"error","message":"Contraseña invalida"}
{"level":"warn","message":{"descripcion":"Error 404. Ruta /auth/login/css/style.css método GET no implementado","error":-2}}
{"level":"warn","message":{"descripcion":"Error 404. Ruta /auth/login/js/main.js método GET no implementado","error":-2}}
{"level":"warn","message":{"descripcion":"Error 404. Ruta /favicon.ico método GET no implementado","error":-2}}
{"level":"warn","message":{"descripcion":"Error 404. Ruta /favicon.ico método GET no implementado","error":-2}}
{"level":"warn","message":{"descripcion":"Error 404. Ruta /favicon.ico método GET no implementado","error":-2}}
{"level":"error"}
{"level":"error"}
{"level":"error"}
{"level":"error"}
{"level":"error"}
{"level":"error"}
{"level":"error"}
{"level":"error"}
{"level":"warn","message":{"descripcion":"Error 404. Ruta /favicon.ico método GET no implementado","error":-2}}
{"level":"warn","message":{"descripcion":"Error 404. Ruta /favicon.ico método GET no implementado","error":-2}}
{"level":"error"}
{"level":"error"}
{"level":"error"}
{"level":"error"}
{"level":"error"}
{"level":"error"}
{"level":"error"}
{"level":"error"}
{"level":"error"}
{"level":"warn","message":{"descripcion":"Error 404. Ruta /favicon.ico método GET no implementado","error":-2}}
{"level":"warn","message":{"descripcion":"Error 404. Ruta /favicon.ico método GET no implementado","error":-2}}
{"level":"warn","message":{"descripcion":"Error 404. Ruta /favicon.ico método GET no implementado","error":-2}}
{"level":"warn","message":{"descripcion":"Error 404. Ruta /favicon.ico método GET no implementado","error":-2}}
{"level":"warn","message":{"descripcion":"Error 404. Ruta /favicon.ico método GET no implementado","error":-2}}
{"level":"warn","message":{"descripcion":"Error 404. Ruta /favicon.ico método GET no implementado","error":-2}}
{"level":"error","message":"Contraseña invalida"}
{"level":"warn","message":{"descripcion":"Error 404. Ruta /auth/login/css/style.css método GET no implementado","error":-2}}
{"level":"warn","message":{"descripcion":"Error 404. Ruta /auth/login/js/main.js método GET no implementado","error":-2}}
{"level":"warn","message":{"descripcion":"Error 404. Ruta /favicon.ico método GET no implementado","error":-2}}
{"level":"warn","message":{"descripcion":"Error 404. Ruta /favicon.ico método GET no implementado","error":-2}}
{"level":"warn","message":{"descripcion":"Error 404. Ruta /favicon.ico método GET no implementado","error":-2}}
{"level":"warn","message":{"descripcion":"Error 404. Ruta /favicon.ico método GET no implementado","error":-2}}
{"level":"warn","message":{"descripcion":"Error 404. Ruta /favicon.ico método GET no implementado","error":-2}}
{"level":"warn","message":{"descripcion":"Error 404. Ruta /favicon.ico método GET no implementado","error":-2}}
{"level":"warn","message":{"descripcion":"Error 404. Ruta /favicon.ico método GET no implementado","error":-2}}
{"level":"warn","message":{"descripcion":"Error 404. Ruta /favicon.ico método GET no implementado","error":-2}}
{"level":"warn","message":{"descripcion":"Error 404. Ruta /favicon.ico método GET no implementado","error":-2}}
{"level":"warn","message":{"descripcion":"Error 404. Ruta /favicon.ico método GET no implementado","error":-2}}
{"level":"warn","message":{"descripcion":"Error 404. Ruta /favicon.ico método GET no implementado","error":-2}}
{"level":"warn","message":{"descripcion":"Error 404. Ruta /favicon.ico método GET no implementado","error":-2}}
{"level":"warn","message":{"descripcion":"Error 404. Ruta /favicon.ico método GET no implementado","error":-2}}
{"level":"warn","message":{"descripcion":"Error 404. Ruta /favicon.ico método GET no implementado","error":-2}}
{"level":"warn","message":{"descripcion":"Error 404. Ruta /home método GET no implementado","error":-2}}
{"level":"warn","message":{"descripcion":"Error 404. Ruta /favicon.ico método GET no implementado","error":-2}}
{"level":"error"}
{"level":"error"}
{"level":"error"}
{"level":"error"}
{"level":"error"}
{"level":"warn","message":{"descripcion":"Error 404. Ruta /favicon.ico método GET no implementado","error":-2}}
{"level":"warn","message":{"descripcion":"Error 404. Ruta /favicon.ico método GET no implementado","error":-2}}
{"level":"warn","message":{"descripcion":"Error 404. Ruta /favicon.ico método GET no implementado","error":-2}}
{"level":"warn","message":{"descripcion":"Error 404. Ruta /favicon.ico método GET no implementado","error":-2}}
{"level":"warn","message":{"descripcion":"Error 404. Ruta /favicon.ico método GET no implementado","error":-2}}
{"level":"warn","message":{"descripcion":"Error 404. Ruta /favicon.ico método GET no implementado","error":-2}}
{"level":"warn","message":{"descripcion":"Error 404. Ruta /favicon.ico método GET no implementado","error":-2}}
{"level":"warn","message":{"descripcion":"Error 404. Ruta /favicon.ico método GET no implementado","error":-2}}
{"level":"warn","message":{"descripcion":"Error 404. Ruta /favicon.ico método GET no implementado","error":-2}}
{"level":"error"}
{"level":"error","message":"El usuario ya está registrado"}
{"level":"warn","message":{"descripcion":"Error 404. Ruta /auth/registro/css/style.css método GET no implementado","error":-2}}
{"level":"warn","message":{"descripcion":"Error 404. Ruta /auth/registro/js/main.js método GET no implementado","error":-2}}
{"level":"warn","message":{"descripcion":"Error 404. Ruta /favicon.ico método GET no implementado","error":-2}}
{"level":"warn","message":{"descripcion":"Error 404. Ruta /favicon.ico método GET no implementado","error":-2}}
{"level":"error"}
{"level":"warn","message":{"descripcion":"Error 404. Ruta /asd método GET no implementado","error":-2}}
{"level":"warn","message":{"descripcion":"Error 404. Ruta /favicon.ico método GET no implementado","error":-2}}
{"level":"error"}
{"level":"error"}
{"level":"error"}
{"level":"error"}
{"level":"error"}
{"level":"error"}
{"level":"error"}
{"level":"error"}
{"level":"error","message":"Error en la deserialización del usuariooooo: MongooseError: Operation `usuarios.findOne()` buffering timed out after 10000ms"}
{"level":"error","message":"Error en la deserialización del usuariooooo: MongooseError: Operation `usuarios.findOne()` buffering timed out after 10000ms"}
{"level":"warn","message":{"descripcion":"Error 404. Ruta /favicon.ico método GET no implementado","error":-2}}
{"level":"warn","message":{"descripcion":"Error 404. Ruta /favicon.ico método GET no implementado","error":-2}}
{"level":"warn","message":{"descripcion":"Error 404. Ruta /favicon.ico método GET no implementado","error":-2}}
{"level":"warn","message":{"descripcion":"Error 404. Ruta /favicon.ico método GET no implementado","error":-2}}
{"level":"warn","message":{"descripcion":"Error 404. Ruta /favicon.ico método GET no implementado","error":-2}}
{"level":"warn","message":{"descripcion":"Error 404. Ruta /favicon.ico método GET no implementado","error":-2}}
{"level":"warn","message":{"descripcion":"Error 404. Ruta /favicon.ico método GET no implementado","error":-2}}
{"level":"warn","message":{"descripcion":"Error 404. Ruta /favicon.ico método GET no implementado","error":-2}}
{"level":"warn","message":{"descripcion":"Error 404. Ruta /favicon.ico método GET no implementado","error":-2}}
{"level":"warn","message":{"descripcion":"Error 404. Ruta /favicon.ico método GET no implementado","error":-2}}
{"level":"warn","message":{"descripcion":"Error 404. Ruta /favicon.ico método GET no implementado","error":-2}}
{"level":"error"}
{"level":"warn","message":{"descripcion":"Error 404. Ruta /asd método GET no implementado","error":-2}}
{"level":"warn","message":{"descripcion":"Error 404. Ruta /favicon.ico método GET no implementado","error":-2}}
{"level":"warn","message":{"descripcion":"Error 404. Ruta /asd método GET no implementado","error":-2}}
{"level":"warn","message":{"descripcion":"Error 404. Ruta /favicon.ico método GET no implementado","error":-2}}
{"level":"warn","message":{"descripcion":"Error 404. Ruta /favicon.ico método GET no implementado","error":-2}}
{"level":"warn","message":{"descripcion":"Error 404. Ruta /favicon.ico método GET no implementado","error":-2}}
{"level":"warn","message":{"descripcion":"Error 404. Ruta /favicon.ico método GET no implementado","error":-2}}
{"level":"warn","message":{"descripcion":"Error 404. Ruta /favicon.ico método GET no implementado","error":-2}}
{"level":"warn","message":{"descripcion":"Error 404. Ruta /favicon.ico método GET no implementado","error":-2}}
{"level":"warn","message":{"descripcion":"Error 404. Ruta /favicon.ico método GET no implementado","error":-2}}
{"level":"warn","message":{"descripcion":"Error 404. Ruta /favicon.ico método GET no implementado","error":-2}}
{"level":"warn","message":{"descripcion":"Error 404. Ruta /favicon.ico método GET no implementado","error":-2}}
{"level":"warn","message":{"descripcion":"Error 404. Ruta /favicon.ico método GET no implementado","error":-2}}
{"level":"warn","message":{"descripcion":"Error 404. Ruta /favicon.ico método GET no implementado","error":-2}}
{"level":"warn","message":{"descripcion":"Error 404. Ruta /favicon.ico método GET no implementado","error":-2}}
{"level":"warn","message":{"descripcion":"Error 404. Ruta /favicon.ico método GET no implementado","error":-2}}
{"level":"error","message":"Error el registro o en el envío de mail de registro: TypeError: Cannot read properties of undefined (reading 'nombre')"}
{"level":"warn","message":{"descripcion":"Error 404. Ruta /asd método GET no implementado","error":-2}}
{"level":"warn","message":{"descripcion":"Error 404. Ruta /favicon.ico método GET no implementado","error":-2}}
{"level":"warn","message":{"descripcion":"Error 404. Ruta /favicon.ico método GET no implementado","error":-2}}
{"level":"warn","message":{"descripcion":"Error 404. Ruta /favicon.ico método GET no implementado","error":-2}}
{"level":"warn","message":{"descripcion":"Error 404. Ruta /favicon.ico método GET no implementado","error":-2}}
{"level":"error","message":"Error el registro o en el envío de mail de registro: TypeError: Cannot read properties of undefined (reading 'nombre')"}
{"level":"warn","message":{"descripcion":"Error 404. Ruta /asd método GET no implementado","error":-2}}
{"level":"warn","message":{"descripcion":"Error 404. Ruta /favicon.ico método GET no implementado","error":-2}}
{"level":"warn","message":{"descripcion":"Error 404. Ruta /favicon.ico método GET no implementado","error":-2}}
{"level":"warn","message":{"descripcion":"Error 404. Ruta /favicon.ico método GET no implementado","error":-2}}
{"level":"warn","message":{"descripcion":"Error 404. Ruta /favicon.ico método GET no implementado","error":-2}}
{"level":"error","message":"Error el registro o en el envío de mail de registro: TypeError: Cannot read properties of undefined (reading 'nombre')"}
{"level":"warn","message":{"descripcion":"Error 404. Ruta /asd método GET no implementado","error":-2}}
{"level":"warn","message":{"descripcion":"Error 404. Ruta /favicon.ico método GET no implementado","error":-2}}
{"level":"warn","message":{"descripcion":"Error 404. Ruta /favicon.ico método GET no implementado","error":-2}}
{"level":"warn","message":{"descripcion":"Error 404. Ruta /favicon.ico método GET no implementado","error":-2}}
{"level":"warn","message":{"descripcion":"Error 404. Ruta /favicon.ico método GET no implementado","error":-2}}
{"level":"warn","message":{"descripcion":"Error 404. Ruta /asd método GET no implementado","error":-2}}
{"level":"warn","message":{"descripcion":"Error 404. Ruta /favicon.ico método GET no implementado","error":-2}}
{"level":"warn","message":{"descripcion":"Error 404. Ruta /favicon.ico método GET no implementado","error":-2}}
{"level":"warn","message":{"descripcion":"Error 404. Ruta /favicon.ico método GET no implementado","error":-2}}
{"level":"warn","message":{"descripcion":"Error 404. Ruta /favicon.ico método GET no implementado","error":-2}}
{"level":"warn","message":{"descripcion":"Error 404. Ruta /favicon.ico método GET no implementado","error":-2}}
{"level":"warn","message":{"descripcion":"Error 404. Ruta /favicon.ico método GET no implementado","error":-2}}
{"level":"error","message":"El usuario ya está registrado"}
{"level":"warn","message":{"descripcion":"Error 404. Ruta /auth/registro/js/main.js método GET no implementado","error":-2}}
{"level":"warn","message":{"descripcion":"Error 404. Ruta /auth/registro/css/style.css método GET no implementado","error":-2}}
{"level":"warn","message":{"descripcion":"Error 404. Ruta /favicon.ico método GET no implementado","error":-2}}
{"level":"warn","message":{"descripcion":"Error 404. Ruta /favicon.ico método GET no implementado","error":-2}}
{"level":"warn","message":{"descripcion":"Error 404. Ruta /favicon.ico método GET no implementado","error":-2}}
{"level":"warn","message":{"descripcion":"Error 404. Ruta /favicon.ico método GET no implementado","error":-2}}
{"level":"warn","message":{"descripcion":"Error 404. Ruta /favicon.ico método GET no implementado","error":-2}}
{"level":"warn","message":{"descripcion":"Error 404. Ruta /favicon.ico método GET no implementado","error":-2}}
{"level":"warn","message":{"descripcion":"Error 404. Ruta /favicon.ico método GET no implementado","error":-2}}
{"level":"warn","message":{"descripcion":"Error 404. Ruta /favicon.ico método GET no implementado","error":-2}}
{"level":"warn","message":{"descripcion":"Error 404. Ruta /favicon.ico método GET no implementado","error":-2}}
{"level":"warn","message":{"descripcion":"Error 404. Ruta /favicon.ico método GET no implementado","error":-2}}
{"level":"warn","message":{"descripcion":"Error 404. Ruta /favicon.ico método GET no implementado","error":-2}}
{"level":"warn","message":{"descripcion":"Error 404. Ruta /favicon.ico método GET no implementado","error":-2}}
{"level":"warn","message":{"descripcion":"Error 404. Ruta /favicon.ico método GET no implementado","error":-2}}
{"level":"warn","message":{"descripcion":"Error 404. Ruta /favicon.ico método GET no implementado","error":-2}}
{"level":"warn","message":{"descripcion":"Error 404. Ruta /favicon.ico método GET no implementado","error":-2}}
{"level":"warn","message":{"descripcion":"Error 404. Ruta /favicon.ico método GET no implementado","error":-2}}
{"level":"warn","message":{"descripcion":"Error 404. Ruta /favicon.ico método GET no implementado","error":-2}}
{"level":"warn","message":{"descripcion":"Error 404. Ruta /favicon.ico método GET no implementado","error":-2}}
{"level":"warn","message":{"descripcion":"Error 404. Ruta /favicon.ico método GET no implementado","error":-2}}
{"level":"warn","message":{"descripcion":"Error 404. Ruta /favicon.ico método GET no implementado","error":-2}}
{"level":"error","message":"Contraseña invalida"}
{"level":"warn","message":{"descripcion":"Error 404. Ruta /auth/login/js/main.js método GET no implementado","error":-2}}
{"level":"warn","message":{"descripcion":"Error 404. Ruta /auth/login/css/style.css método GET no implementado","error":-2}}
{"level":"warn","message":{"descripcion":"Error 404. Ruta /favicon.ico método GET no implementado","error":-2}}
{"level":"warn","message":{"descripcion":"Error 404. Ruta /favicon.ico método GET no implementado","error":-2}}
{"level":"warn","message":{"descripcion":"Error 404. Ruta /favicon.ico método GET no implementado","error":-2}}
{"level":"error","message":"Contraseña invalida"}
{"level":"warn","message":{"descripcion":"Error 404. Ruta /auth/login/css/style.css método GET no implementado","error":-2}}
{"level":"warn","message":{"descripcion":"Error 404. Ruta /auth/login/js/main.js método GET no implementado","error":-2}}
{"level":"warn","message":{"descripcion":"Error 404. Ruta /favicon.ico método GET no implementado","error":-2}}
{"level":"warn","message":{"descripcion":"Error 404. Ruta /favicon.ico método GET no implementado","error":-2}}
{"level":"warn","message":{"descripcion":"Error 404. Ruta /favicon.ico método GET no implementado","error":-2}}
{"level":"warn","message":{"descripcion":"Error 404. Ruta /favicon.ico método GET no implementado","error":-2}}
{"level":"warn","message":{"descripcion":"Error 404. Ruta /favicon.ico método GET no implementado","error":-2}}
{"level":"warn","message":{"descripcion":"Error 404. Ruta /favicon.ico método GET no implementado","error":-2}}
{"level":"warn","message":{"descripcion":"Error 404. Ruta /favicon.ico método GET no implementado","error":-2}}
{"level":"error","message":"Contraseña invalida"}
{"level":"warn","message":{"descripcion":"Error 404. Ruta /auth/login/css/style.css método GET no implementado","error":-2}}
{"level":"warn","message":{"descripcion":"Error 404. Ruta /auth/login/js/main.js método GET no implementado","error":-2}}
{"level":"warn","message":{"descripcion":"Error 404. Ruta /favicon.ico método GET no implementado","error":-2}}
{"level":"warn","message":{"descripcion":"Error 404. Ruta /favicon.ico método GET no implementado","error":-2}}
{"level":"warn","message":{"descripcion":"Error 404. Ruta /favicon.ico método GET no implementado","error":-2}}
{"level":"error","message":"Contraseña invalida"}
{"level":"warn","message":{"descripcion":"Error 404. Ruta /favicon.ico método GET no implementado","error":-2}}
{"level":"warn","message":{"descripcion":"Error 404. Ruta /favicon.ico método GET no implementado","error":-2}}
{"level":"warn","message":{"descripcion":"Error 404. Ruta /favicon.ico método GET no implementado","error":-2}}
{"level":"warn","message":{"descripcion":"Error 404. Ruta /favicon.ico método GET no implementado","error":-2}}
{"level":"error","message":"El usuario ya está registrado"}
{"level":"warn","message":{"descripcion":"Error 404. Ruta /auth/registro/css/style.css método GET no implementado","error":-2}}
{"level":"warn","message":{"descripcion":"Error 404. Ruta /auth/registro/js/main.js método GET no implementado","error":-2}}
{"level":"warn","message":{"descripcion":"Error 404. Ruta /favicon.ico método GET no implementado","error":-2}}
{"level":"warn","message":{"descripcion":"Error 404. Ruta /favicon.ico método GET no implementado","error":-2}}
{"level":"warn","message":{"descripcion":"Error 404. Ruta /favicon.ico método GET no implementado","error":-2}}
{"level":"error","message":"El usuario ya está registrado"}
{"level":"warn","message":{"descripcion":"Error 404. Ruta /favicon.ico método GET no implementado","error":-2}}
{"level":"warn","message":{"descripcion":"Error 404. Ruta /favicon.ico método GET no implementado","error":-2}}
{"level":"warn","message":{"descripcion":"Error 404. Ruta /favicon.ico método GET no implementado","error":-2}}
{"level":"warn","message":{"descripcion":"Error 404. Ruta /HNAP1/ método GET no implementado","error":-2}}
{"level":"warn","message":{"descripcion":"Error 404. Ruta /favicon.ico método GET no implementado","error":-2}}
{"level":"warn","message":{"descripcion":"Error 404. Ruta /favicon.ico método GET no implementado","error":-2}}
{"level":"warn","message":{"descripcion":"Error 404. Ruta /favicon.ico método GET no implementado","error":-2}}
{"level":"warn","message":{"descripcion":"Error 404. Ruta /productos/css/style.css método GET no implementado","error":-2}}
{"level":"warn","message":{"descripcion":"Error 404. Ruta /productos/js/main.js método GET no implementado","error":-2}}
{"level":"warn","message":{"descripcion":"Error 404. Ruta /favicon.ico método GET no implementado","error":-2}}
{"level":"warn","message":{"descripcion":"Error 404. Ruta /favicon.ico método GET no implementado","error":-2}}
{"level":"warn","message":{"descripcion":"Error 404. Ruta /favicon.ico método GET no implementado","error":-2}}
{"level":"warn","message":{"descripcion":"Error 404. Ruta /favicon.ico método GET no implementado","error":-2}}
{"level":"warn","message":{"descripcion":"Error 404. Ruta /favicon.ico método GET no implementado","error":-2}}
{"level":"warn","message":{"descripcion":"Error 404. Ruta /favicon.ico método GET no implementado","error":-2}}
{"level":"warn","message":{"descripcion":"Error 404. Ruta /favicon.ico método GET no implementado","error":-2}}
{"level":"warn","message":{"descripcion":"Error 404. Ruta /favicon.ico método GET no implementado","error":-2}}
{"level":"warn","message":{"descripcion":"Error 404. Ruta /favicon.ico método GET no implementado","error":-2}}
{"level":"warn","message":{"descripcion":"Error 404. Ruta /favicon.ico método GET no implementado","error":-2}}
{"level":"warn","message":{"descripcion":"Error 404. Ruta /favicon.ico método GET no implementado","error":-2}}
{"level":"warn","message":{"descripcion":"Error 404. Ruta /favicon.ico método GET no implementado","error":-2}}
{"level":"warn","message":{"descripcion":"Error 404. Ruta /favicon.ico método GET no implementado","error":-2}}
{"level":"warn","message":{"descripcion":"Error 404. Ruta /favicon.ico método GET no implementado","error":-2}}
{"level":"error","message":"Error: CastError: Cast to ObjectId failed for value \"undefined\" (type string) at path \"_id\" for model \"Producto\""}
{"level":"warn","message":{"descripcion":"Error 404. Ruta /favicon.ico método GET no implementado","error":-2}}
{"level":"warn","message":{"descripcion":"Error 404. Ruta /favicon.ico método GET no implementado","error":-2}}
{"level":"warn","message":{"descripcion":"Error 404. Ruta /favicon.ico método GET no implementado","error":-2}}
{"level":"warn","message":{"descripcion":"Error 404. Ruta /favicon.ico método GET no implementado","error":-2}}
{"level":"warn","message":{"descripcion":"Error 404. Ruta /favicon.ico método GET no implementado","error":-2}}
{"level":"warn","message":{"descripcion":"Error 404. Ruta /favicon.ico método GET no implementado","error":-2}}
{"level":"warn","message":{"descripcion":"Error 404. Ruta / método GET no implementado","error":-2}}
{"level":"warn","message":{"descripcion":"Error 404. Ruta /favicon.ico método GET no implementado","error":-2}}
{"level":"warn","message":{"descripcion":"Error 404. Ruta /favicon.ico método GET no implementado","error":-2}}
{"level":"warn","message":{"descripcion":"Error 404. Ruta /favicon.ico método GET no implementado","error":-2}}
{"level":"warn","message":{"descripcion":"Error 404. Ruta /favicon.ico método GET no implementado","error":-2}}
{"level":"warn","message":{"descripcion":"Error 404. Ruta /favicon.ico método GET no implementado","error":-2}}
{"level":"warn","message":{"descripcion":"Error 404. Ruta /favicon.ico método GET no implementado","error":-2}}
{"level":"warn","message":{"descripcion":"Error 404. Ruta /favicon.ico método GET no implementado","error":-2}}
{"level":"error","message":"Error: CastError: Cast to ObjectId failed for value \"undefined\" (type string) at path \"_id\" for model \"Producto\""}
{"level":"warn","message":{"descripcion":"Error 404. Ruta /favicon.ico método GET no implementado","error":-2}}
{"level":"warn","message":{"descripcion":"Error 404. Ruta /favicon.ico método GET no implementado","error":-2}}
{"level":"error","message":"Error: CastError: Cast to ObjectId failed for value \"undefined\" (type string) at path \"_id\" for model \"Producto\""}
{"level":"warn","message":{"descripcion":"Error 404. Ruta /favicon.ico método GET no implementado","error":-2}}
{"level":"warn","message":{"descripcion":"Error 404. Ruta /favicon.ico método GET no implementado","error":-2}}
{"level":"error","message":"Error: CastError: Cast to ObjectId failed for value \"undefined\" (type string) at path \"_id\" for model \"Producto\""}
{"level":"warn","message":{"descripcion":"Error 404. Ruta /favicon.ico método GET no implementado","error":-2}}
{"level":"warn","message":{"descripcion":"Error 404. Ruta /favicon.ico método GET no implementado","error":-2}}
{"level":"warn","message":{"descripcion":"Error 404. Ruta /favicon.ico método GET no implementado","error":-2}}
{"level":"error","message":"Error: CastError: Cast to ObjectId failed for value \"undefined\" (type string) at path \"_id\" for model \"Producto\""}
{"level":"warn","message":{"descripcion":"Error 404. Ruta /favicon.ico método GET no implementado","error":-2}}
{"level":"warn","message":{"descripcion":"Error 404. Ruta /favicon.ico método GET no implementado","error":-2}}
{"level":"error","message":"Error: CastError: Cast to ObjectId failed for value \"undefined\" (type string) at path \"_id\" for model \"Producto\""}
{"level":"warn","message":{"descripcion":"Error 404. Ruta /favicon.ico método GET no implementado","error":-2}}
{"level":"warn","message":{"descripcion":"Error 404. Ruta /favicon.ico método GET no implementado","error":-2}}
{"level":"error","message":"Error: CastError: Cast to ObjectId failed for value \"undefined\" (type string) at path \"_id\" for model \"Producto\""}
{"level":"warn","message":{"descripcion":"Error 404. Ruta /favicon.ico método GET no implementado","error":-2}}
{"level":"warn","message":{"descripcion":"Error 404. Ruta /favicon.ico método GET no implementado","error":-2}}
{"level":"warn","message":{"descripcion":"Error 404. Ruta /favicon.ico método GET no implementado","error":-2}}
{"level":"warn","message":{"descripcion":"Error 404. Ruta /favicon.ico método GET no implementado","error":-2}}
{"level":"warn","message":{"descripcion":"Error 404. Ruta /favicon.ico método GET no implementado","error":-2}}
{"level":"warn","message":{"descripcion":"Error 404. Ruta /favicon.ico método GET no implementado","error":-2}}
{"level":"warn","message":{"descripcion":"Error 404. Ruta /favicon.ico método GET no implementado","error":-2}}
{"level":"warn","message":{"descripcion":"Error 404. Ruta /favicon.ico método GET no implementado","error":-2}}
{"level":"warn","message":{"descripcion":"Error 404. Ruta /favicon.ico método GET no implementado","error":-2}}
{"level":"warn","message":{"descripcion":"Error 404. Ruta /favicon.ico método GET no implementado","error":-2}}
{"level":"warn","message":{"descripcion":"Error 404. Ruta /favicon.ico método GET no implementado","error":-2}}
{"level":"warn","message":{"descripcion":"Error 404. Ruta /favicon.ico método GET no implementado","error":-2}}
{"level":"warn","message":{"descripcion":"Error 404. Ruta /favicon.ico método GET no implementado","error":-2}}
{"level":"warn","message":{"descripcion":"Error 404. Ruta /favicon.ico método GET no implementado","error":-2}}
{"level":"warn","message":{"descripcion":"Error 404. Ruta /favicon.ico método GET no implementado","error":-2}}
{"level":"warn","message":{"descripcion":"Error 404. Ruta /favicon.ico método GET no implementado","error":-2}}
{"level":"warn","message":{"descripcion":"Error 404. Ruta /favicon.ico método GET no implementado","error":-2}}
{"level":"warn","message":{"descripcion":"Error 404. Ruta /favicon.ico método GET no implementado","error":-2}}
{"level":"warn","message":{"descripcion":"Error 404. Ruta /favicon.ico método GET no implementado","error":-2}}
{"level":"warn","message":{"descripcion":"Error 404. Ruta /favicon.ico método GET no implementado","error":-2}}
{"level":"warn","message":{"descripcion":"Error 404. Ruta /favicon.ico método GET no implementado","error":-2}}
{"level":"warn","message":{"descripcion":"Error 404. Ruta /favicon.ico método GET no implementado","error":-2}}
{"level":"warn","message":{"descripcion":"Error 404. Ruta /favicon.ico método GET no implementado","error":-2}}
{"level":"warn","message":{"descripcion":"Error 404. Ruta /favicon.ico método GET no implementado","error":-2}}
{"level":"warn","message":{"descripcion":"Error 404. Ruta /favicon.ico método GET no implementado","error":-2}}
{"level":"warn","message":{"descripcion":"Error 404. Ruta /favicon.ico método GET no implementado","error":-2}}
{"level":"warn","message":{"descripcion":"Error 404. Ruta / método GET no implementado","error":-2}}
{"level":"warn","message":{"descripcion":"Error 404. Ruta /favicon.ico método GET no implementado","error":-2}}
{"level":"warn","message":{"descripcion":"Error 404. Ruta /favicon.ico método GET no implementado","error":-2}}
{"level":"warn","message":{"descripcion":"Error 404. Ruta /favicon.ico método GET no implementado","error":-2}}
{"level":"warn","message":{"descripcion":"Error 404. Ruta /favicon.ico método GET no implementado","error":-2}}
{"level":"warn","message":{"descripcion":"Error 404. Ruta /favicon.ico método GET no implementado","error":-2}}
{"level":"warn","message":{"descripcion":"Error 404. Ruta /favicon.ico método GET no implementado","error":-2}}
{"level":"warn","message":{"descripcion":"Error 404. Ruta /favicon.ico método GET no implementado","error":-2}}
{"level":"warn","message":{"descripcion":"Error 404. Ruta /favicon.ico método GET no implementado","error":-2}}
{"level":"warn","message":{"descripcion":"Error 404. Ruta /favicon.ico método GET no implementado","error":-2}}
{"level":"warn","message":{"descripcion":"Error 404. Ruta /favicon.ico método GET no implementado","error":-2}}
{"level":"warn","message":{"descripcion":"Error 404. Ruta /favicon.ico método GET no implementado","error":-2}}
{"level":"warn","message":{"descripcion":"Error 404. Ruta /productos/css/style.css método GET no implementado","error":-2}}
{"level":"warn","message":{"descripcion":"Error 404. Ruta /productos/js/main.js método GET no implementado","error":-2}}
{"level":"warn","message":{"descripcion":"Error 404. Ruta /favicon.ico método GET no implementado","error":-2}}
{"level":"warn","message":{"descripcion":"Ruta / método POST no autorizada","error":-1}}
{"level":"warn","message":{"descripcion":"Ruta / método POST no autorizada","error":-1}}
{"level":"warn","message":{"descripcion":"Ruta / método POST no autorizada","error":-1}}
{"level":"warn","message":{"descripcion":"Ruta / método POST no autorizada","error":-1}}
{"level":"warn","message":{"descripcion":"Ruta / método POST no autorizada","error":-1}}
{"level":"warn","message":{"descripcion":"Ruta / método POST no autorizada","error":-1}}
{"level":"warn","message":{"descripcion":"Ruta / método POST no autorizada","error":-1}}
{"level":"warn","message":{"descripcion":"Ruta / método POST no autorizada","error":-1}}
{"level":"warn","message":{"descripcion":"Ruta / método POST no autorizada","error":-1}}
{"level":"warn","message":{"descripcion":"Ruta / método POST no autorizada","error":-1}}
{"level":"warn","message":{"descripcion":"Error 404. Ruta /favicon.ico método GET no implementado","error":-2}}
{"level":"warn","message":{"descripcion":"Error 404. Ruta /favicon.ico método GET no implementado","error":-2}}
{"level":"warn","message":{"descripcion":"Error 404. Ruta /favicon.ico método GET no implementado","error":-2}}
{"level":"warn","message":{"descripcion":"Error 404. Ruta /favicon.ico método GET no implementado","error":-2}}
{"level":"warn","message":{"descripcion":"Error 404. Ruta /favicon.ico método GET no implementado","error":-2}}
{"level":"warn","message":{"descripcion":"Error 404. Ruta /favicon.ico método GET no implementado","error":-2}}
{"level":"warn","message":{"descripcion":"Error 404. Ruta /favicon.ico método GET no implementado","error":-2}}
{"level":"warn","message":{"descripcion":"Error 404. Ruta /favicon.ico método GET no implementado","error":-2}}
{"level":"warn","message":{"descripcion":"Error 404. Ruta /favicon.ico método GET no implementado","error":-2}}
{"level":"warn","message":{"descripcion":"Error 404. Ruta /favicon.ico método GET no implementado","error":-2}}
{"level":"warn","message":{"descripcion":"Error 404. Ruta /favicon.ico método GET no implementado","error":-2}}
{"level":"warn","message":{"descripcion":"Error 404. Ruta /favicon.ico método GET no implementado","error":-2}}
{"level":"warn","message":{"descripcion":"Error 404. Ruta /favicon.ico método GET no implementado","error":-2}}
{"level":"warn","message":{"descripcion":"Error 404. Ruta /favicon.ico método GET no implementado","error":-2}}
{"level":"warn","message":{"descripcion":"Error 404. Ruta /productos/css/style.css método GET no implementado","error":-2}}
{"level":"warn","message":{"descripcion":"Error 404. Ruta /productos/js/main.js método GET no implementado","error":-2}}
{"level":"warn","message":{"descripcion":"Error 404. Ruta /favicon.ico método GET no implementado","error":-2}}
{"level":"warn","message":{"descripcion":"Error 404. Ruta /productos/css/style.css método GET no implementado","error":-2}}
{"level":"warn","message":{"descripcion":"Error 404. Ruta /productos/js/main.js método GET no implementado","error":-2}}
{"level":"warn","message":{"descripcion":"Error 404. Ruta /favicon.ico método GET no implementado","error":-2}}
{"level":"warn","message":{"descripcion":"Error 404. Ruta /productos/css/style.css método GET no implementado","error":-2}}
{"level":"warn","message":{"descripcion":"Error 404. Ruta /productos/js/main.js método GET no implementado","error":-2}}
{"level":"warn","message":{"descripcion":"Error 404. Ruta /favicon.ico método GET no implementado","error":-2}}
{"level":"warn","message":{"descripcion":"Error 404. Ruta /productos/css/style.css método GET no implementado","error":-2}}
{"level":"warn","message":{"descripcion":"Error 404. Ruta /productos/js/main.js método GET no implementado","error":-2}}
{"level":"warn","message":{"descripcion":"Error 404. Ruta /favicon.ico método GET no implementado","error":-2}}
{"level":"warn","message":{"descripcion":"Error 404. Ruta /productos/css/style.css método GET no implementado","error":-2}}
{"level":"warn","message":{"descripcion":"Error 404. Ruta /productos/js/main.js método GET no implementado","error":-2}}
{"level":"warn","message":{"descripcion":"Error 404. Ruta /favicon.ico método GET no implementado","error":-2}}
{"level":"warn","message":{"descripcion":"Error 404. Ruta /productos/css/style.css método GET no implementado","error":-2}}
{"level":"warn","message":{"descripcion":"Error 404. Ruta /productos/js/main.js método GET no implementado","error":-2}}
{"level":"warn","message":{"descripcion":"Error 404. Ruta /favicon.ico método GET no implementado","error":-2}}
{"level":"warn","message":{"descripcion":"Error 404. Ruta /productos/css/style.css método GET no implementado","error":-2}}
{"level":"warn","message":{"descripcion":"Error 404. Ruta /productos/js/main.js método GET no implementado","error":-2}}
{"level":"warn","message":{"descripcion":"Error 404. Ruta /favicon.ico método GET no implementado","error":-2}}
{"level":"warn","message":{"descripcion":"Error 404. Ruta /productos/css/style.css método GET no implementado","error":-2}}
{"level":"warn","message":{"descripcion":"Error 404. Ruta /productos/js/main.js método GET no implementado","error":-2}}
{"level":"warn","message":{"descripcion":"Error 404. Ruta /favicon.ico método GET no implementado","error":-2}}
{"level":"warn","message":{"descripcion":"Error 404. Ruta /productos/css/style.css método GET no implementado","error":-2}}
{"level":"warn","message":{"descripcion":"Error 404. Ruta /productos/js/main.js método GET no implementado","error":-2}}
{"level":"warn","message":{"descripcion":"Error 404. Ruta /favicon.ico método GET no implementado","error":-2}}
{"level":"warn","message":{"descripcion":"Error 404. Ruta /productos/css/style.css método GET no implementado","error":-2}}
{"level":"warn","message":{"descripcion":"Error 404. Ruta /productos/js/main.js método GET no implementado","error":-2}}
{"level":"warn","message":{"descripcion":"Error 404. Ruta /favicon.ico método GET no implementado","error":-2}}
{"level":"warn","message":{"descripcion":"Error 404. Ruta /productos/css/style.css método GET no implementado","error":-2}}
{"level":"warn","message":{"descripcion":"Error 404. Ruta /productos/js/main.js método GET no implementado","error":-2}}
{"level":"warn","message":{"descripcion":"Error 404. Ruta /favicon.ico método GET no implementado","error":-2}}
{"level":"warn","message":{"descripcion":"Error 404. Ruta /productos/css/style.css método GET no implementado","error":-2}}
{"level":"warn","message":{"descripcion":"Error 404. Ruta /productos/js/main.js método GET no implementado","error":-2}}
{"level":"warn","message":{"descripcion":"Error 404. Ruta /favicon.ico método GET no implementado","error":-2}}
{"level":"warn","message":{"descripcion":"Error 404. Ruta /productos/css/style.css método GET no implementado","error":-2}}
{"level":"warn","message":{"descripcion":"Error 404. Ruta /productos/js/main.js método GET no implementado","error":-2}}
{"level":"warn","message":{"descripcion":"Error 404. Ruta /favicon.ico método GET no implementado","error":-2}}
{"level":"warn","message":{"descripcion":"Error 404. Ruta /productos/css/style.css método GET no implementado","error":-2}}
{"level":"warn","message":{"descripcion":"Error 404. Ruta /productos/js/main.js método GET no implementado","error":-2}}
{"level":"warn","message":{"descripcion":"Error 404. Ruta /favicon.ico método GET no implementado","error":-2}}
{"level":"warn","message":{"descripcion":"Error 404. Ruta /productos/css/style.css método GET no implementado","error":-2}}
{"level":"warn","message":{"descripcion":"Error 404. Ruta /productos/js/main.js método GET no implementado","error":-2}}
{"level":"warn","message":{"descripcion":"Error 404. Ruta /favicon.ico método GET no implementado","error":-2}}
{"level":"warn","message":{"descripcion":"Error 404. Ruta /productos/js/main.js método GET no implementado","error":-2}}
{"level":"warn","message":{"descripcion":"Error 404. Ruta /productos/css/style.css método GET no implementado","error":-2}}
{"level":"warn","message":{"descripcion":"Error 404. Ruta /favicon.ico método GET no implementado","error":-2}}
{"level":"warn","message":{"descripcion":"Error 404. Ruta /productos/css/style.css método GET no implementado","error":-2}}
{"level":"warn","message":{"descripcion":"Error 404. Ruta /productos/js/main.js método GET no implementado","error":-2}}
{"level":"warn","message":{"descripcion":"Error 404. Ruta /favicon.ico método GET no implementado","error":-2}}
{"level":"warn","message":{"descripcion":"Error 404. Ruta /productos/css/style.css método GET no implementado","error":-2}}
{"level":"warn","message":{"descripcion":"Error 404. Ruta /productos/js/main.js método GET no implementado","error":-2}}
{"level":"warn","message":{"descripcion":"Error 404. Ruta /favicon.ico método GET no implementado","error":-2}}
{"level":"warn","message":{"descripcion":"Error 404. Ruta /productos/css/style.css método GET no implementado","error":-2}}
{"level":"warn","message":{"descripcion":"Error 404. Ruta /productos/js/main.js método GET no implementado","error":-2}}
{"level":"warn","message":{"descripcion":"Error 404. Ruta /favicon.ico método GET no implementado","error":-2}}
{"level":"warn","message":{"descripcion":"Error 404. Ruta /productos/js/main.js método GET no implementado","error":-2}}
{"level":"warn","message":{"descripcion":"Error 404. Ruta /productos/css/style.css método GET no implementado","error":-2}}
{"level":"warn","message":{"descripcion":"Error 404. Ruta /favicon.ico método GET no implementado","error":-2}}
{"level":"warn","message":{"descripcion":"Error 404. Ruta /favicon.ico método GET no implementado","error":-2}}
{"level":"warn","message":{"descripcion":"Error 404. Ruta /favicon.ico método GET no implementado","error":-2}}
{"level":"warn","message":{"descripcion":"Error 404. Ruta /favicon.ico método GET no implementado","error":-2}}
{"level":"warn","message":{"descripcion":"Error 404. Ruta /favicon.ico método GET no implementado","error":-2}}
{"level":"warn","message":{"descripcion":"Error 404. Ruta /favicon.ico método GET no implementado","error":-2}}
{"level":"warn","message":{"descripcion":"Error 404. Ruta /favicon.ico método GET no implementado","error":-2}}
{"level":"warn","message":{"descripcion":"Error 404. Ruta /favicon.ico método GET no implementado","error":-2}}
{"level":"warn","message":{"descripcion":"Error 404. Ruta /favicon.ico método GET no implementado","error":-2}}
{"level":"warn","message":{"descripcion":"Error 404. Ruta /favicon.ico método GET no implementado","error":-2}}
{"level":"warn","message":{"descripcion":"Error 404. Ruta /favicon.ico método GET no implementado","error":-2}}
{"level":"warn","message":{"descripcion":"Error 404. Ruta /favicon.ico método GET no implementado","error":-2}}
{"level":"warn","message":{"descripcion":"Error 404. Ruta /favicon.ico método GET no implementado","error":-2}}
{"level":"warn","message":{"descripcion":"Error 404. Ruta /favicon.ico método GET no implementado","error":-2}}
{"level":"warn","message":{"descripcion":"Error 404. Ruta /favicon.ico método GET no implementado","error":-2}}
{"level":"warn","message":{"descripcion":"Error 404. Ruta /favicon.ico método GET no implementado","error":-2}}
{"level":"warn","message":{"descripcion":"Error 404. Ruta /favicon.ico método GET no implementado","error":-2}}
{"level":"warn","message":{"descripcion":"Error 404. Ruta /favicon.ico método GET no implementado","error":-2}}
{"level":"warn","message":{"descripcion":"Error 404. Ruta /favicon.ico método GET no implementado","error":-2}}
{"level":"warn","message":{"descripcion":"Error 404. Ruta /favicon.ico método GET no implementado","error":-2}}
{"level":"warn","message":{"descripcion":"Error 404. Ruta /favicon.ico método GET no implementado","error":-2}}
{"level":"warn","message":{"descripcion":"Error 404. Ruta /favicon.ico método GET no implementado","error":-2}}
{"level":"warn","message":{"descripcion":"Error 404. Ruta /favicon.ico método GET no implementado","error":-2}}
{"level":"warn","message":{"descripcion":"Error 404. Ruta /favicon.ico método GET no implementado","error":-2}}
{"level":"warn","message":{"descripcion":"Error 404. Ruta /favicon.ico método GET no implementado","error":-2}}
{"level":"warn","message":{"descripcion":"Error 404. Ruta /favicon.ico método GET no implementado","error":-2}}
{"level":"warn","message":{"descripcion":"Error 404. Ruta /favicon.ico método GET no implementado","error":-2}}
{"level":"warn","message":{"descripcion":"Error 404. Ruta /favicon.ico método GET no implementado","error":-2}}
{"level":"warn","message":{"descripcion":"Error 404. Ruta /favicon.ico método GET no implementado","error":-2}}
{"level":"warn","message":{"descripcion":"Error 404. Ruta /favicon.ico método GET no implementado","error":-2}}
{"level":"warn","message":{"descripcion":"Error 404. Ruta /favicon.ico método GET no implementado","error":-2}}
{"level":"warn","message":{"descripcion":"Error 404. Ruta /favicon.ico método GET no implementado","error":-2}}
{"level":"warn","message":{"descripcion":"Error 404. Ruta /favicon.ico método GET no implementado","error":-2}}
{"level":"warn","message":{"descripcion":"Error 404. Ruta /favicon.ico método GET no implementado","error":-2}}
{"level":"warn","message":{"descripcion":"Error 404. Ruta /favicon.ico método GET no implementado","error":-2}}
{"level":"warn","message":{"descripcion":"Error 404. Ruta /favicon.ico método GET no implementado","error":-2}}
{"level":"warn","message":{"descripcion":"Error 404. Ruta /favicon.ico método GET no implementado","error":-2}}
{"level":"warn","message":{"descripcion":"Error 404. Ruta /favicon.ico método GET no implementado","error":-2}}
{"level":"warn","message":{"descripcion":"Error 404. Ruta /favicon.ico método GET no implementado","error":-2}}
{"level":"warn","message":{"descripcion":"Error 404. Ruta /favicon.ico método GET no implementado","error":-2}}
{"level":"warn","message":{"descripcion":"Error 404. Ruta /favicon.ico método GET no implementado","error":-2}}
{"level":"warn","message":{"descripcion":"Error 404. Ruta /favicon.ico método GET no implementado","error":-2}}
{"level":"warn","message":{"descripcion":"Error 404. Ruta /favicon.ico método GET no implementado","error":-2}}
{"level":"warn","message":{"descripcion":"Error 404. Ruta /favicon.ico método GET no implementado","error":-2}}
{"level":"warn","message":{"descripcion":"Error 404. Ruta /favicon.ico método GET no implementado","error":-2}}
{"level":"warn","message":{"descripcion":"Error 404. Ruta /favicon.ico método GET no implementado","error":-2}}
{"level":"warn","message":{"descripcion":"Error 404. Ruta /favicon.ico método GET no implementado","error":-2}}
{"level":"warn","message":{"descripcion":"Error 404. Ruta /favicon.ico método GET no implementado","error":-2}}
{"level":"warn","message":{"descripcion":"Error 404. Ruta /favicon.ico método GET no implementado","error":-2}}
{"level":"warn","message":{"descripcion":"Error 404. Ruta /favicon.ico método GET no implementado","error":-2}}
{"level":"warn","message":{"descripcion":"Error 404. Ruta / método GET no implementado","error":-2}}
{"level":"warn","message":{"descripcion":"Error 404. Ruta /favicon.ico método GET no implementado","error":-2}}
{"level":"warn","message":{"descripcion":"Error 404. Ruta /favicon.ico método GET no implementado","error":-2}}
{"level":"warn","message":{"descripcion":"Error 404. Ruta /auth/ método GET no implementado","error":-2}}
{"level":"warn","message":{"descripcion":"Error 404. Ruta /favicon.ico método GET no implementado","error":-2}}
{"level":"warn","message":{"descripcion":"Error 404. Ruta /auth/ método GET no implementado","error":-2}}
{"level":"warn","message":{"descripcion":"Error 404. Ruta /favicon.ico método GET no implementado","error":-2}}
{"level":"warn","message":{"descripcion":"Error 404. Ruta /favicon.ico método GET no implementado","error":-2}}
{"level":"warn","message":{"descripcion":"Error 404. Ruta /favicon.ico método GET no implementado","error":-2}}
{"level":"warn","message":{"descripcion":"Error 404. Ruta /favicon.ico método GET no implementado","error":-2}}
{"level":"warn","message":{"descripcion":"Error 404. Ruta /favicon.ico método GET no implementado","error":-2}}
{"level":"warn","message":{"descripcion":"Error 404. Ruta /favicon.ico método GET no implementado","error":-2}}
{"level":"warn","message":{"descripcion":"Error 404. Ruta /favicon.ico método GET no implementado","error":-2}}
{"level":"warn","message":{"descripcion":"Error 404. Ruta /favicon.ico método GET no implementado","error":-2}}
{"level":"warn","message":{"descripcion":"Error 404. Ruta /favicon.ico método GET no implementado","error":-2}}
{"level":"warn","message":{"descripcion":"Error 404. Ruta /favicon.ico método GET no implementado","error":-2}}
{"level":"warn","message":{"descripcion":"Error 404. Ruta /favicon.ico método GET no implementado","error":-2}}
{"level":"warn","message":{"descripcion":"Error 404. Ruta /favicon.ico método GET no implementado","error":-2}}
{"level":"warn","message":{"descripcion":"Error 404. Ruta /favicon.ico método GET no implementado","error":-2}}
{"level":"warn","message":{"descripcion":"Error 404. Ruta /favicon.ico método GET no implementado","error":-2}}
{"level":"warn","message":{"descripcion":"Error 404. Ruta / método GET no implementado","error":-2}}
{"level":"warn","message":{"descripcion":"Error 404. Ruta / método GET no implementado","error":-2}}
{"level":"warn","message":{"descripcion":"Error 404. Ruta /favicon.ico método GET no implementado","error":-2}}
{"level":"warn","message":{"descripcion":"Error 404. Ruta /favicon.ico método GET no implementado","error":-2}}
{"level":"warn","message":{"descripcion":"Error 404. Ruta /favicon.ico método GET no implementado","error":-2}}
{"level":"warn","message":{"descripcion":"Error 404. Ruta /favicon.ico método GET no implementado","error":-2}}
{"level":"warn","message":{"descripcion":"Error 404. Ruta /favicon.ico método GET no implementado","error":-2}}
{"level":"warn","message":{"descripcion":"Error 404. Ruta /favicon.ico método GET no implementado","error":-2}}
{"level":"warn","message":{"descripcion":"Error 404. Ruta /favicon.ico método GET no implementado","error":-2}}
{"level":"warn","message":{"descripcion":"Error 404. Ruta /asd método GET no implementado","error":-2}}
{"level":"warn","message":{"descripcion":"Error 404. Ruta /favicon.ico método GET no implementado","error":-2}}
{"level":"warn","message":{"descripcion":"Error 404. Ruta /favicon.ico método GET no implementado","error":-2}}
{"level":"warn","message":{"descripcion":"Error 404. Ruta /favicon.ico método GET no implementado","error":-2}}
{"level":"warn","message":{"descripcion":"Error 404. Ruta /favicon.ico método GET no implementado","error":-2}}
{"level":"warn","message":{"descripcion":"Error 404. Ruta /favicon.ico método GET no implementado","error":-2}}
{"level":"warn","message":{"descripcion":"Error 404. Ruta /favicon.ico método GET no implementado","error":-2}}
{"level":"warn","message":{"descripcion":"Error 404. Ruta /favicon.ico método GET no implementado","error":-2}}
{"level":"warn","message":{"descripcion":"Error 404. Ruta /favicon.ico método GET no implementado","error":-2}}
{"level":"warn","message":{"descripcion":"Error 404. Ruta /favicon.ico método GET no implementado","error":-2}}
{"level":"warn","message":{"descripcion":"Error 404. Ruta / método GET no implementado","error":-2}}
{"level":"warn","message":{"descripcion":"Error 404. Ruta /favicon.ico método GET no implementado","error":-2}}
{"level":"warn","message":{"descripcion":"Error 404. Ruta / método GET no implementado","error":-2}}
{"level":"warn","message":{"descripcion":"Error 404. Ruta /favicon.ico método GET no implementado","error":-2}}
{"level":"error","message":"Contraseña invalida"}
{"level":"warn","message":{"descripcion":"Error 404. Ruta /favicon.ico método GET no implementado","error":-2}}
{"level":"warn","message":{"descripcion":"Error 404. Ruta /favicon.ico método GET no implementado","error":-2}}
{"level":"warn","message":{"descripcion":"Error 404. Ruta /favicon.ico método GET no implementado","error":-2}}
{"level":"warn","message":{"descripcion":"Error 404. Ruta /favicon.ico método GET no implementado","error":-2}}
{"level":"warn","message":{"descripcion":"Error 404. Ruta /favicon.ico método GET no implementado","error":-2}}
{"level":"warn","message":{"descripcion":"Error 404. Ruta /favicon.ico método GET no implementado","error":-2}}
{"level":"warn","message":{"descripcion":"Error 404. Ruta /favicon.ico método GET no implementado","error":-2}}
{"level":"warn","message":{"descripcion":"Error 404. Ruta / método GET no implementado","error":-2}}
{"level":"warn","message":{"descripcion":"Error 404. Ruta /favicon.ico método GET no implementado","error":-2}}
{"level":"warn","message":{"descripcion":"Error 404. Ruta /favicon.ico método GET no implementado","error":-2}}
{"level":"warn","message":{"descripcion":"Error 404. Ruta /favicon.ico método GET no implementado","error":-2}}
{"level":"warn","message":{"descripcion":"Error 404. Ruta /favicon.ico método GET no implementado","error":-2}}
{"level":"warn","message":{"descripcion":"Error 404. Ruta /favicon.ico método GET no implementado","error":-2}}
{"level":"warn","message":{"descripcion":"Error 404. Ruta /favicon.ico método GET no implementado","error":-2}}
{"level":"warn","message":{"descripcion":"Error 404. Ruta / método GET no implementado","error":-2}}
{"level":"warn","message":{"descripcion":"Error 404. Ruta /favicon.ico método GET no implementado","error":-2}}
{"level":"warn","message":{"descripcion":"Error 404. Ruta / método GET no implementado","error":-2}}
{"level":"warn","message":{"descripcion":"Error 404. Ruta /favicon.ico método GET no implementado","error":-2}}
{"level":"warn","message":{"descripcion":"Error 404. Ruta /favicon.ico método GET no implementado","error":-2}}
{"level":"warn","message":{"descripcion":"Error 404. Ruta / método GET no implementado","error":-2}}
{"level":"warn","message":{"descripcion":"Error 404. Ruta /favicon.ico método GET no implementado","error":-2}}
{"level":"warn","message":{"descripcion":"Error 404. Ruta /favicon.ico método GET no implementado","error":-2}}
{"level":"warn","message":{"descripcion":"Error 404. Ruta /favicon.ico método GET no implementado","error":-2}}
{"level":"warn","message":{"descripcion":"Error 404. Ruta /favicon.ico método GET no implementado","error":-2}}
{"level":"warn","message":{"descripcion":"Error 404. Ruta /favicon.ico método GET no implementado","error":-2}}
{"level":"warn","message":{"descripcion":"Error 404. Ruta /favicon.ico método GET no implementado","error":-2}}
{"level":"warn","message":{"descripcion":"Error 404. Ruta /favicon.ico método GET no implementado","error":-2}}
{"level":"warn","message":{"descripcion":"Error 404. Ruta /favicon.ico método GET no implementado","error":-2}}
{"level":"warn","message":{"descripcion":"Error 404. Ruta /favicon.ico método GET no implementado","error":-2}}
{"level":"warn","message":{"descripcion":"Error 404. Ruta /favicon.ico método GET no implementado","error":-2}}
{"level":"warn","message":{"descripcion":"Error 404. Ruta /favicon.ico método GET no implementado","error":-2}}
{"level":"warn","message":{"descripcion":"Error 404. Ruta /pedido método GET no implementado","error":-2}}
{"level":"warn","message":{"descripcion":"Error 404. Ruta /favicon.ico método GET no implementado","error":-2}}
{"level":"warn","message":{"descripcion":"Error 404. Ruta /pedido método GET no implementado","error":-2}}
{"level":"warn","message":{"descripcion":"Error 404. Ruta /favicon.ico método GET no implementado","error":-2}}
{"level":"warn","message":{"descripcion":"Error 404. Ruta /favicon.ico método GET no implementado","error":-2}}
{"level":"warn","message":{"descripcion":"Error 404. Ruta /favicon.ico método GET no implementado","error":-2}}
{"level":"warn","message":{"descripcion":"Error 404. Ruta /favicon.ico método GET no implementado","error":-2}}
{"level":"warn","message":{"descripcion":"Error 404. Ruta /favicon.ico método GET no implementado","error":-2}}
{"level":"warn","message":{"descripcion":"Error 404. Ruta /favicon.ico método GET no implementado","error":-2}}
{"level":"warn","message":{"descripcion":"Error 404. Ruta /favicon.ico método GET no implementado","error":-2}}
{"level":"warn","message":{"descripcion":"Error 404. Ruta /favicon.ico método GET no implementado","error":-2}}
{"level":"warn","message":{"descripcion":"Error 404. Ruta / método GET no implementado","error":-2}}
{"level":"warn","message":{"descripcion":"Error 404. Ruta /favicon.ico método GET no implementado","error":-2}}
{"level":"warn","message":{"descripcion":"Error 404. Ruta / método GET no implementado","error":-2}}
{"level":"warn","message":{"descripcion":"Error 404. Ruta /favicon.ico método GET no implementado","error":-2}}
{"level":"warn","message":{"descripcion":"Error 404. Ruta /favicon.ico método GET no implementado","error":-2}}
{"level":"warn","message":{"descripcion":"Error 404. Ruta / método GET no implementado","error":-2}}
{"level":"warn","message":{"descripcion":"Error 404. Ruta /favicon.ico método GET no implementado","error":-2}}
{"level":"warn","message":{"descripcion":"Error 404. Ruta /favicon.ico método GET no implementado","error":-2}}
{"level":"warn","message":{"descripcion":"Error 404. Ruta /favicon.ico método GET no implementado","error":-2}}
{"level":"warn","message":{"descripcion":"Error 404. Ruta /favicon.ico método GET no implementado","error":-2}}
{"level":"warn","message":{"descripcion":"Error 404. Ruta /asd método GET no implementado","error":-2}}
{"level":"warn","message":{"descripcion":"Error 404. Ruta /favicon.ico método GET no implementado","error":-2}}
{"level":"warn","message":{"descripcion":"Error 404. Ruta /favicon.ico método GET no implementado","error":-2}}
{"level":"warn","message":{"descripcion":"Error 404. Ruta /favicon.ico método GET no implementado","error":-2}}
{"level":"warn","message":{"descripcion":"Error 404. Ruta /favicon.ico método GET no implementado","error":-2}}
{"level":"warn","message":{"descripcion":"Error 404. Ruta /favicon.ico método GET no implementado","error":-2}}
{"level":"warn","message":{"descripcion":"Error 404. Ruta /favicon.ico método GET no implementado","error":-2}}
{"level":"warn","message":{"descripcion":"Error 404. Ruta /favicon.ico método GET no implementado","error":-2}}
{"level":"warn","message":{"descripcion":"Error 404. Ruta /favicon.ico método GET no implementado","error":-2}}
{"level":"warn","message":{"descripcion":"Error 404. Ruta /favicon.ico método GET no implementado","error":-2}}
{"level":"warn","message":{"descripcion":"Error 404. Ruta /favicon.ico método GET no implementado","error":-2}}
{"level":"warn","message":{"descripcion":"Error 404. Ruta /favicon.ico método GET no implementado","error":-2}}
{"level":"warn","message":{"descripcion":"Error 404. Ruta /favicon.ico método GET no implementado","error":-2}}
{"level":"warn","message":{"descripcion":"Error 404. Ruta /favicon.ico método GET no implementado","error":-2}}
{"level":"warn","message":{"descripcion":"Error 404. Ruta /favicon.ico método GET no implementado","error":-2}}
{"level":"warn","message":{"descripcion":"Error 404. Ruta /favicon.ico método GET no implementado","error":-2}}
{"level":"warn","message":{"descripcion":"Error 404. Ruta /favicon.ico método GET no implementado","error":-2}}
{"level":"warn","message":{"descripcion":"Error 404. Ruta /favicon.ico método GET no implementado","error":-2}}
{"level":"warn","message":{"descripcion":"Error 404. Ruta /favicon.ico método GET no implementado","error":-2}}
{"level":"warn","message":{"descripcion":"Error 404. Ruta /favicon.ico método GET no implementado","error":-2}}
{"level":"warn","message":{"descripcion":"Error 404. Ruta /favicon.ico método GET no implementado","error":-2}}
{"level":"warn","message":{"descripcion":"Error 404. Ruta /favicon.ico método GET no implementado","error":-2}}
{"level":"warn","message":{"descripcion":"Error 404. Ruta /favicon.ico método GET no implementado","error":-2}}
{"level":"warn","message":{"descripcion":"Error 404. Ruta /HNAP1/ método GET no implementado","error":-2}}
{"level":"warn","message":{"descripcion":"Error 404. Ruta /favicon.ico método GET no implementado","error":-2}}
{"level":"warn","message":{"descripcion":"Error 404. Ruta /favicon.ico método GET no implementado","error":-2}}
{"level":"warn","message":{"descripcion":"Error 404. Ruta /favicon.ico método GET no implementado","error":-2}}
{"level":"warn","message":{"descripcion":"Error 404. Ruta /favicon.ico método GET no implementado","error":-2}}
{"level":"warn","message":{"descripcion":"Error 404. Ruta /favicon.ico método GET no implementado","error":-2}}
{"level":"warn","message":{"descripcion":"Error 404. Ruta /favicon.ico método GET no implementado","error":-2}}
{"level":"warn","message":{"descripcion":"Error 404. Ruta /favicon.ico método GET no implementado","error":-2}}
{"level":"warn","message":{"descripcion":"Error 404. Ruta /favicon.ico método GET no implementado","error":-2}}
{"level":"warn","message":{"descripcion":"Error 404. Ruta /favicon.ico método GET no implementado","error":-2}}
{"level":"warn","message":{"descripcion":"Error 404. Ruta /favicon.ico método GET no implementado","error":-2}}
{"level":"error"}
{"level":"warn","message":{"descripcion":"Error 404. Ruta /favicon.ico método GET no implementado","error":-2}}
{"level":"error","message":"Error: TypeError: Cannot read properties of undefined (reading 'render'): Cannot read properties of undefined (reading 'render')"}
{"level":"warn","message":{"descripcion":"Error 404. Ruta /favicon.ico método GET no implementado","error":-2}}
{"level":"warn","message":{"descripcion":"Error 404. Ruta /favicon.ico método GET no implementado","error":-2}}
{"level":"warn","message":{"descripcion":"Error 404. Ruta /favicon.ico método GET no implementado","error":-2}}
{"level":"warn","message":{"descripcion":"Error 404. Ruta /favicon.ico método GET no implementado","error":-2}}
{"level":"warn","message":{"descripcion":"Error 404. Ruta /favicon.ico método GET no implementado","error":-2}}
{"level":"warn","message":{"descripcion":"Error 404. Ruta /favicon.ico método GET no implementado","error":-2}}
{"level":"warn","message":{"descripcion":"Error 404. Ruta /favicon.ico método GET no implementado","error":-2}}
{"level":"warn","message":{"descripcion":"Error 404. Ruta /favicon.ico método GET no implementado","error":-2}}
{"level":"warn","message":{"descripcion":"Error 404. Ruta /favicon.ico método GET no implementado","error":-2}}
{"level":"warn","message":{"descripcion":"Error 404. Ruta /favicon.ico método GET no implementado","error":-2}}
{"level":"warn","message":{"descripcion":"Error 404. Ruta / método GET no implementado","error":-2}}
